Using pre-set license
Built from '2021.3/staging' branch; Version is '2021.3.5f1 (40eb3a945986) revision 4254522'; Using compiler version '192829333'; Build Type 'Release'
OS: 'Windows 11  (10.0.22000) 64bit Core' Language: 'ja' Physical Memory: 16325 MB
BatchMode: 1, IsHumanControllingUs: 0, StartBugReporterOnCrash: 0, Is64bit: 1, IsPro: 1

COMMAND LINE ARGUMENTS:
C:\Program Files\Unity\Hub\Editor\2021.3.5f1\Editor\Unity.exe
-adb2
-batchMode
-noUpm
-name
AssetImportWorker0
-projectPath
F:/unity/Onlive
-logFile
Logs/AssetImportWorker0.log
-srvPort
58832
Successfully changed project path to: F:/unity/Onlive
F:/unity/Onlive
[UnityMemory] Configuration Parameters - Can be set up in boot.config
    "memorysetup-bucket-allocator-granularity=16"
    "memorysetup-bucket-allocator-bucket-count=8"
    "memorysetup-bucket-allocator-block-size=33554432"
    "memorysetup-bucket-allocator-block-count=8"
    "memorysetup-main-allocator-block-size=16777216"
    "memorysetup-thread-allocator-block-size=16777216"
    "memorysetup-gfx-main-allocator-block-size=16777216"
    "memorysetup-gfx-thread-allocator-block-size=16777216"
    "memorysetup-cache-allocator-block-size=4194304"
    "memorysetup-typetree-allocator-block-size=2097152"
    "memorysetup-profiler-bucket-allocator-granularity=16"
    "memorysetup-profiler-bucket-allocator-bucket-count=8"
    "memorysetup-profiler-bucket-allocator-block-size=33554432"
    "memorysetup-profiler-bucket-allocator-block-count=8"
    "memorysetup-profiler-allocator-block-size=16777216"
    "memorysetup-profiler-editor-allocator-block-size=1048576"
    "memorysetup-temp-allocator-size-main=16777216"
    "memorysetup-job-temp-allocator-block-size=2097152"
    "memorysetup-job-temp-allocator-block-size-background=1048576"
    "memorysetup-job-temp-allocator-reduction-small-platforms=262144"
    "memorysetup-temp-allocator-size-background-worker=32768"
    "memorysetup-temp-allocator-size-job-worker=262144"
    "memorysetup-temp-allocator-size-preload-manager=33554432"
    "memorysetup-temp-allocator-size-nav-mesh-worker=65536"
    "memorysetup-temp-allocator-size-audio-worker=65536"
    "memorysetup-temp-allocator-size-cloud-worker=32768"
    "memorysetup-temp-allocator-size-gi-baking-worker=262144"
    "memorysetup-temp-allocator-size-gfx=262144"
Refreshing native plugins compatible for Editor in 54.39 ms, found 4 plugins.
Preloading 1 native plugins for Editor in 2.68 ms.
Initialize engine version: 2021.3.5f1 (40eb3a945986)
[Subsystems] Discovering subsystems at path C:/Program Files/Unity/Hub/Editor/2021.3.5f1/Editor/Data/Resources/UnitySubsystems
[Subsystems] Discovering subsystems at path F:/unity/Onlive/Assets
GfxDevice: creating device client; threaded=0; jobified=0
Direct3D:
    Version:  Direct3D 11.0 [level 11.1]
    Renderer: NVIDIA GeForce RTX 2070 SUPER (ID=0x1e84)
    Vendor:   NVIDIA
    VRAM:     8012 MB
    Driver:   31.0.15.1659
Initialize mono
Mono path[0] = 'C:/Program Files/Unity/Hub/Editor/2021.3.5f1/Editor/Data/Managed'
Mono path[1] = 'C:/Program Files/Unity/Hub/Editor/2021.3.5f1/Editor/Data/MonoBleedingEdge/lib/mono/unityjit-win32'
Mono config path = 'C:/Program Files/Unity/Hub/Editor/2021.3.5f1/Editor/Data/MonoBleedingEdge/etc'
Using monoOptions --debugger-agent=transport=dt_socket,embedding=1,server=y,suspend=n,address=127.0.0.1:56520
Begin MonoManager ReloadAssembly
Registering precompiled unity dll's ...
Register platform support module: C:/Program Files/Unity/Hub/Editor/2021.3.5f1/Editor/Data/PlaybackEngines/WindowsStandaloneSupport/UnityEditor.WindowsStandalone.Extensions.dll
Registered in 0.004908 seconds.
Native extension for WindowsStandalone target not found
Refreshing native plugins compatible for Editor in 48.87 ms, found 4 plugins.
Preloading 1 native plugins for Editor in 0.05 ms.
Mono: successfully reloaded assembly
- Completed reload, in  0.562 seconds
Domain Reload Profiling:
	ReloadAssembly (562ms)
		BeginReloadAssembly (64ms)
			ExecutionOrderSort (0ms)
			DisableScriptedObjects (0ms)
			BackupInstance (0ms)
			ReleaseScriptingObjects (0ms)
			CreateAndSetChildDomain (1ms)
		EndReloadAssembly (395ms)
			LoadAssemblies (62ms)
			RebuildTransferFunctionScriptingTraits (0ms)
			SetupTypeCache (101ms)
			ReleaseScriptCaches (0ms)
			RebuildScriptCaches (26ms)
			SetupLoadedEditorAssemblies (221ms)
				LogAssemblyErrors (0ms)
				InitializePlatformSupportModulesInManaged (6ms)
				SetLoadedEditorAssemblies (0ms)
				RefreshPlugins (49ms)
				BeforeProcessingInitializeOnLoad (1ms)
				ProcessInitializeOnLoadAttributes (117ms)
				ProcessInitializeOnLoadMethodAttributes (47ms)
				AfterProcessingInitializeOnLoad (0ms)
				EditorAssembliesLoaded (0ms)
			ExecutionOrderSort2 (0ms)
			AwakeInstancesAfterBackupRestoration (0ms)
Platform modules already initialized, skipping
Registering precompiled user dll's ...
Registered in 0.005694 seconds.
Begin MonoManager ReloadAssembly
Native extension for WindowsStandalone target not found
Refreshing native plugins compatible for Editor in 59.29 ms, found 4 plugins.
Preloading 1 native plugins for Editor in 0.06 ms.
Mono: successfully reloaded assembly
- Completed reload, in  1.055 seconds
Domain Reload Profiling:
	ReloadAssembly (1056ms)
		BeginReloadAssembly (100ms)
			ExecutionOrderSort (0ms)
			DisableScriptedObjects (5ms)
			BackupInstance (0ms)
			ReleaseScriptingObjects (0ms)
			CreateAndSetChildDomain (18ms)
		EndReloadAssembly (844ms)
			LoadAssemblies (70ms)
			RebuildTransferFunctionScriptingTraits (0ms)
			SetupTypeCache (219ms)
			ReleaseScriptCaches (1ms)
			RebuildScriptCaches (55ms)
			SetupLoadedEditorAssemblies (446ms)
				LogAssemblyErrors (0ms)
				InitializePlatformSupportModulesInManaged (4ms)
				SetLoadedEditorAssemblies (0ms)
				RefreshPlugins (60ms)
				BeforeProcessingInitializeOnLoad (87ms)
				ProcessInitializeOnLoadAttributes (250ms)
				ProcessInitializeOnLoadMethodAttributes (39ms)
				AfterProcessingInitializeOnLoad (7ms)
				EditorAssembliesLoaded (0ms)
			ExecutionOrderSort2 (0ms)
			AwakeInstancesAfterBackupRestoration (10ms)
Platform modules already initialized, skipping
========================================================================
Worker process is ready to serve import requests
Launched and connected shader compiler UnityShaderCompiler.exe after 0.05 seconds
Refreshing native plugins compatible for Editor in 0.66 ms, found 4 plugins.
Preloading 1 native plugins for Editor in 0.05 ms.
Unloading 3088 Unused Serialized files (Serialized files now loaded: 0)
Unloading 47 unused Assets / (55.7 KB). Loaded Objects now: 3544.
Memory consumption went from 139.2 MB to 139.2 MB.
Total: 3.457600 ms (FindLiveObjects: 0.283800 ms CreateObjectMapping: 0.166300 ms MarkObjects: 2.939700 ms  DeleteObjects: 0.066800 ms)

AssetImportParameters requested are different than current active one (requested -> active):
  custom:video-decoder-ogg-theora: a1e56fd34408186e4bbccfd4996cb3dc -> 
  custom:container-muxer-webm: aa71ff27fc2769a1b78a27578f13a17b -> 
  custom:container-demuxer-webm: 4f35f7cbe854078d1ac9338744f61a02 -> 
  custom:video-encoder-webm-vp8: eb34c28f22e8b96e1ab97ce403110664 -> 
  custom:video-codec-MediaFoundation-h265: 746d11721c4dcdbdad8f713fa42b33f4 -> 
  custom:audio-encoder-webm-vorbis: bf7c407c2cedff20999df2af8eb42d56 -> 
  custom:framework-win-MediaFoundation: 216162199b28c13a410421893ffa2e32 -> 
  custom:container-demuxer-ogg: 62fdf1f143b41e24485cea50d1cbac27 -> 
  custom:video-decoder-webm-vp8: 9c59270c3fd7afecdb556c50c9e8de78 -> 
  custom:audio-decoder-ogg-vorbis: bf7c407c2cedff20999df2af8eb42d56 -> 
========================================================================
Received Import Request.
  Time since last request: 226009.470003 seconds.
  path: Assets/New Controls.inputactions
  artifactKey: Guid(9d3a2625c561efe45801e7cb701c1bcf) Importer(815301076,1909f56bfc062723c751e8b465ee728b)
Start importing Assets/New Controls.inputactions using Guid(9d3a2625c561efe45801e7cb701c1bcf) Importer(815301076,1909f56bfc062723c751e8b465ee728b)  -> (artifact id: '2f8a2c9955ebc0df0a205412c33adbec') in 0.035743 seconds 
========================================================================
Received Import Request.
  Time since last request: 87.030992 seconds.
  path: Assets/New Controls.inputactions
  artifactKey: Guid(9d3a2625c561efe45801e7cb701c1bcf) Importer(815301076,1909f56bfc062723c751e8b465ee728b)
Start importing Assets/New Controls.inputactions using Guid(9d3a2625c561efe45801e7cb701c1bcf) Importer(815301076,1909f56bfc062723c751e8b465ee728b)  -> (artifact id: 'fc5175f850c2ca9b8ee47eee126b8c39') in 0.004140 seconds 
========================================================================
Received Prepare
Registering precompiled user dll's ...
Registered in 0.004695 seconds.
Begin MonoManager ReloadAssembly
Native extension for WindowsStandalone target not found
Refreshing native plugins compatible for Editor in 0.70 ms, found 4 plugins.
Preloading 1 native plugins for Editor in 0.05 ms.
Mono: successfully reloaded assembly
- Completed reload, in  0.941 seconds
Domain Reload Profiling:
	ReloadAssembly (942ms)
		BeginReloadAssembly (120ms)
			ExecutionOrderSort (0ms)
			DisableScriptedObjects (7ms)
			BackupInstance (0ms)
			ReleaseScriptingObjects (0ms)
			CreateAndSetChildDomain (33ms)
		EndReloadAssembly (718ms)
			LoadAssemblies (78ms)
			RebuildTransferFunctionScriptingTraits (0ms)
			SetupTypeCache (214ms)
			ReleaseScriptCaches (1ms)
			RebuildScriptCaches (40ms)
			SetupLoadedEditorAssemblies (335ms)
				LogAssemblyErrors (0ms)
				InitializePlatformSupportModulesInManaged (11ms)
				SetLoadedEditorAssemblies (0ms)
				RefreshPlugins (1ms)
				BeforeProcessingInitializeOnLoad (54ms)
				ProcessInitializeOnLoadAttributes (225ms)
				ProcessInitializeOnLoadMethodAttributes (38ms)
				AfterProcessingInitializeOnLoad (6ms)
				EditorAssembliesLoaded (0ms)
			ExecutionOrderSort2 (0ms)
			AwakeInstancesAfterBackupRestoration (10ms)
Platform modules already initialized, skipping
Refreshing native plugins compatible for Editor in 2.12 ms, found 4 plugins.
Preloading 1 native plugins for Editor in 0.04 ms.
Unloading 3076 Unused Serialized files (Serialized files now loaded: 0)
Unloading 32 unused Assets / (24.6 KB). Loaded Objects now: 3548.
Memory consumption went from 138.3 MB to 138.3 MB.
Total: 3.387600 ms (FindLiveObjects: 0.230100 ms CreateObjectMapping: 0.135800 ms MarkObjects: 2.982600 ms  DeleteObjects: 0.037800 ms)

AssetImportParameters requested are different than current active one (requested -> active):
  custom:video-decoder-ogg-theora: a1e56fd34408186e4bbccfd4996cb3dc -> 
  custom:container-muxer-webm: aa71ff27fc2769a1b78a27578f13a17b -> 
  custom:container-demuxer-webm: 4f35f7cbe854078d1ac9338744f61a02 -> 
  custom:video-encoder-webm-vp8: eb34c28f22e8b96e1ab97ce403110664 -> 
  custom:video-codec-MediaFoundation-h265: 746d11721c4dcdbdad8f713fa42b33f4 -> 
  custom:audio-encoder-webm-vorbis: bf7c407c2cedff20999df2af8eb42d56 -> 
  custom:framework-win-MediaFoundation: 216162199b28c13a410421893ffa2e32 -> 
  custom:container-demuxer-ogg: 62fdf1f143b41e24485cea50d1cbac27 -> 
  custom:video-decoder-webm-vp8: 9c59270c3fd7afecdb556c50c9e8de78 -> 
  custom:audio-decoder-ogg-vorbis: bf7c407c2cedff20999df2af8eb42d56 -> 
========================================================================
Received Import Request.
  Time since last request: 122.006543 seconds.
  path: Assets/PlayerController.cs
  artifactKey: Guid(a360c9d95cc556f498b5776a32e0f554) Importer(815301076,1909f56bfc062723c751e8b465ee728b)
Start importing Assets/PlayerController.cs using Guid(a360c9d95cc556f498b5776a32e0f554) Importer(815301076,1909f56bfc062723c751e8b465ee728b)  -> (artifact id: '9cf61dcc969643386ecdd6b8769eb20e') in 0.015008 seconds 
========================================================================
Received Prepare
Registering precompiled user dll's ...
Registered in 0.004779 seconds.
Begin MonoManager ReloadAssembly
Native extension for WindowsStandalone target not found
Refreshing native plugins compatible for Editor in 0.60 ms, found 4 plugins.
Preloading 1 native plugins for Editor in 0.05 ms.
Mono: successfully reloaded assembly
- Completed reload, in  0.921 seconds
Domain Reload Profiling:
	ReloadAssembly (921ms)
		BeginReloadAssembly (122ms)
			ExecutionOrderSort (0ms)
			DisableScriptedObjects (6ms)
			BackupInstance (0ms)
			ReleaseScriptingObjects (0ms)
			CreateAndSetChildDomain (35ms)
		EndReloadAssembly (708ms)
			LoadAssemblies (75ms)
			RebuildTransferFunctionScriptingTraits (0ms)
			SetupTypeCache (209ms)
			ReleaseScriptCaches (2ms)
			RebuildScriptCaches (42ms)
			SetupLoadedEditorAssemblies (332ms)
				LogAssemblyErrors (0ms)
				InitializePlatformSupportModulesInManaged (11ms)
				SetLoadedEditorAssemblies (0ms)
				RefreshPlugins (1ms)
				BeforeProcessingInitializeOnLoad (53ms)
				ProcessInitializeOnLoadAttributes (222ms)
				ProcessInitializeOnLoadMethodAttributes (39ms)
				AfterProcessingInitializeOnLoad (7ms)
				EditorAssembliesLoaded (0ms)
			ExecutionOrderSort2 (0ms)
			AwakeInstancesAfterBackupRestoration (11ms)
Platform modules already initialized, skipping
Refreshing native plugins compatible for Editor in 2.06 ms, found 4 plugins.
Preloading 1 native plugins for Editor in 0.04 ms.
Unloading 3076 Unused Serialized files (Serialized files now loaded: 0)
Unloading 32 unused Assets / (25.6 KB). Loaded Objects now: 3551.
Memory consumption went from 138.3 MB to 138.3 MB.
Total: 3.343500 ms (FindLiveObjects: 0.247400 ms CreateObjectMapping: 0.238900 ms MarkObjects: 2.831400 ms  DeleteObjects: 0.025000 ms)

AssetImportParameters requested are different than current active one (requested -> active):
  custom:video-decoder-ogg-theora: a1e56fd34408186e4bbccfd4996cb3dc -> 
  custom:container-muxer-webm: aa71ff27fc2769a1b78a27578f13a17b -> 
  custom:container-demuxer-webm: 4f35f7cbe854078d1ac9338744f61a02 -> 
  custom:video-encoder-webm-vp8: eb34c28f22e8b96e1ab97ce403110664 -> 
  custom:video-codec-MediaFoundation-h265: 746d11721c4dcdbdad8f713fa42b33f4 -> 
  custom:audio-encoder-webm-vorbis: bf7c407c2cedff20999df2af8eb42d56 -> 
  custom:framework-win-MediaFoundation: 216162199b28c13a410421893ffa2e32 -> 
  custom:container-demuxer-ogg: 62fdf1f143b41e24485cea50d1cbac27 -> 
  custom:video-decoder-webm-vp8: 9c59270c3fd7afecdb556c50c9e8de78 -> 
  custom:audio-decoder-ogg-vorbis: bf7c407c2cedff20999df2af8eb42d56 -> 
========================================================================
Received Prepare
Registering precompiled user dll's ...
Registered in 0.004661 seconds.
Begin MonoManager ReloadAssembly
Native extension for WindowsStandalone target not found
Refreshing native plugins compatible for Editor in 0.65 ms, found 4 plugins.
Preloading 1 native plugins for Editor in 0.05 ms.
Mono: successfully reloaded assembly
- Completed reload, in  0.935 seconds
Domain Reload Profiling:
	ReloadAssembly (935ms)
		BeginReloadAssembly (117ms)
			ExecutionOrderSort (0ms)
			DisableScriptedObjects (6ms)
			BackupInstance (0ms)
			ReleaseScriptingObjects (0ms)
			CreateAndSetChildDomain (34ms)
		EndReloadAssembly (729ms)
			LoadAssemblies (73ms)
			RebuildTransferFunctionScriptingTraits (0ms)
			SetupTypeCache (214ms)
			ReleaseScriptCaches (1ms)
			RebuildScriptCaches (38ms)
			SetupLoadedEditorAssemblies (347ms)
				LogAssemblyErrors (0ms)
				InitializePlatformSupportModulesInManaged (12ms)
				SetLoadedEditorAssemblies (1ms)
				RefreshPlugins (1ms)
				BeforeProcessingInitializeOnLoad (58ms)
				ProcessInitializeOnLoadAttributes (228ms)
				ProcessInitializeOnLoadMethodAttributes (40ms)
				AfterProcessingInitializeOnLoad (7ms)
				EditorAssembliesLoaded (0ms)
			ExecutionOrderSort2 (0ms)
			AwakeInstancesAfterBackupRestoration (11ms)
Platform modules already initialized, skipping
Refreshing native plugins compatible for Editor in 2.35 ms, found 4 plugins.
Preloading 1 native plugins for Editor in 0.08 ms.
Unloading 3076 Unused Serialized files (Serialized files now loaded: 0)
Unloading 32 unused Assets / (24.6 KB). Loaded Objects now: 3554.
Memory consumption went from 138.4 MB to 138.3 MB.
Total: 3.406300 ms (FindLiveObjects: 0.250700 ms CreateObjectMapping: 0.159800 ms MarkObjects: 2.965600 ms  DeleteObjects: 0.029300 ms)

AssetImportParameters requested are different than current active one (requested -> active):
  custom:video-decoder-ogg-theora: a1e56fd34408186e4bbccfd4996cb3dc -> 
  custom:container-muxer-webm: aa71ff27fc2769a1b78a27578f13a17b -> 
  custom:container-demuxer-webm: 4f35f7cbe854078d1ac9338744f61a02 -> 
  custom:video-encoder-webm-vp8: eb34c28f22e8b96e1ab97ce403110664 -> 
  custom:video-codec-MediaFoundation-h265: 746d11721c4dcdbdad8f713fa42b33f4 -> 
  custom:audio-encoder-webm-vorbis: bf7c407c2cedff20999df2af8eb42d56 -> 
  custom:framework-win-MediaFoundation: 216162199b28c13a410421893ffa2e32 -> 
  custom:container-demuxer-ogg: 62fdf1f143b41e24485cea50d1cbac27 -> 
  custom:video-decoder-webm-vp8: 9c59270c3fd7afecdb556c50c9e8de78 -> 
  custom:audio-decoder-ogg-vorbis: bf7c407c2cedff20999df2af8eb42d56 -> 
========================================================================
Received Import Request.
  Time since last request: 4688.885542 seconds.
  path: Assets/27bd9027a024e657.mp4
  artifactKey: Guid(4ec2e841a29549746a1dbfddf30c24a6) Importer(2089858483,0ecaa5967403d082aa24f35e1b516d23)
Start importing Assets/27bd9027a024e657.mp4 using Guid(4ec2e841a29549746a1dbfddf30c24a6) Importer(2089858483,0ecaa5967403d082aa24f35e1b516d23)  -> (artifact id: '913c7be96a6f0c9250c8a3034a399840') in 0.221333 seconds 
========================================================================
Received Import Request.
  Time since last request: 0.000032 seconds.
  path: Assets/SimpleLowPolyNature/Materials/TreePinkMat.mat
  artifactKey: Guid(e8231e5e093c804458795712745c4041) Importer(2089858483,0ecaa5967403d082aa24f35e1b516d23)
Start importing Assets/SimpleLowPolyNature/Materials/TreePinkMat.mat using Guid(e8231e5e093c804458795712745c4041) Importer(2089858483,0ecaa5967403d082aa24f35e1b516d23)  -> (artifact id: '9c584665f39235aba7c96a914c21a2e1') in 0.051411 seconds 
========================================================================
Received Import Request.
  Time since last request: 0.000019 seconds.
  path: Assets/HQ Acoustic system/Acoustic_low_normal.tga
  artifactKey: Guid(7af92b4a61f66534385a4d9795a03011) Importer(2089858483,0ecaa5967403d082aa24f35e1b516d23)
Start importing Assets/HQ Acoustic system/Acoustic_low_normal.tga using Guid(7af92b4a61f66534385a4d9795a03011) Importer(2089858483,0ecaa5967403d082aa24f35e1b516d23)  -> (artifact id: '8441005958e2c50e30b606df608f7731') in 0.219638 seconds 
========================================================================
Received Import Request.
  Time since last request: 0.000030 seconds.
  path: Assets/Models/GuitarFBX.fbx
  artifactKey: Guid(15a2806138ed87a45afede16ec9ca99f) Importer(2089858483,0ecaa5967403d082aa24f35e1b516d23)
Start importing Assets/Models/GuitarFBX.fbx using Guid(15a2806138ed87a45afede16ec9ca99f) Importer(2089858483,0ecaa5967403d082aa24f35e1b516d23)  -> (artifact id: '08ca212a1f619ed14590b2ee18f7e1bd') in 0.068988 seconds 
========================================================================
Received Import Request.
  Time since last request: 0.000027 seconds.
  path: Assets/SimpleLowPolyNature/Models/Plant2.fbx
  artifactKey: Guid(fd2d428f4f99f46478350601d0aea1ed) Importer(2089858483,0ecaa5967403d082aa24f35e1b516d23)
Start importing Assets/SimpleLowPolyNature/Models/Plant2.fbx using Guid(fd2d428f4f99f46478350601d0aea1ed) Importer(2089858483,0ecaa5967403d082aa24f35e1b516d23)  -> (artifact id: '924c3e442a795c8ae0cec6ecef935212') in 0.033139 seconds 
========================================================================
Received Import Request.
  Time since last request: 0.000020 seconds.
  path: Assets/Scenes/Sample.unity
  artifactKey: Guid(85d7751efc1de2243ac7b2a99331edaf) Importer(2089858483,0ecaa5967403d082aa24f35e1b516d23)
Start importing Assets/Scenes/Sample.unity using Guid(85d7751efc1de2243ac7b2a99331edaf) Importer(2089858483,0ecaa5967403d082aa24f35e1b516d23)  -> (artifact id: '779d62a08aa50bbb0959c254873ab49a') in 0.041124 seconds 
========================================================================
Received Import Request.
  Time since last request: 0.000022 seconds.
  path: Assets/SimpleLowPolyNature/Models/LightingPlant1.fbx
  artifactKey: Guid(5a354059445b3474fbd658226ba1efdd) Importer(2089858483,0ecaa5967403d082aa24f35e1b516d23)
Start importing Assets/SimpleLowPolyNature/Models/LightingPlant1.fbx using Guid(5a354059445b3474fbd658226ba1efdd) Importer(2089858483,0ecaa5967403d082aa24f35e1b516d23)  -> (artifact id: '42159115f0a3bdc1b2fcd6b21151dfb1') in 0.038738 seconds 
========================================================================
Received Import Request.
  Time since last request: 0.000021 seconds.
  path: Assets/SimpleLowPolyNature/Models/Rock1.fbx
  artifactKey: Guid(9b23133e3eda78249896e5786ae357a2) Importer(2089858483,0ecaa5967403d082aa24f35e1b516d23)
Start importing Assets/SimpleLowPolyNature/Models/Rock1.fbx using Guid(9b23133e3eda78249896e5786ae357a2) Importer(2089858483,0ecaa5967403d082aa24f35e1b516d23)  -> (artifact id: '770085e9171c8adf3d129e737e8c26bf') in 0.041194 seconds 
========================================================================
Received Import Request.
  Time since last request: 0.000023 seconds.
  path: Assets/HQ Acoustic system/Materials/AC.mat
  artifactKey: Guid(f3a1a80c441b01b4096e547eaf37e9b2) Importer(2089858483,0ecaa5967403d082aa24f35e1b516d23)
Start importing Assets/HQ Acoustic system/Materials/AC.mat using Guid(f3a1a80c441b01b4096e547eaf37e9b2) Importer(2089858483,0ecaa5967403d082aa24f35e1b516d23)  -> (artifact id: 'c52f35b2bda18071e83464e6e0a671cc') in 0.795032 seconds 
========================================================================
Received Import Request.
  Time since last request: 0.000028 seconds.
  path: Assets/SimpleLowPolyNature/Models/Rock5.fbx
  artifactKey: Guid(1c31f4821cebacb4caf43d3a6524741e) Importer(2089858483,0ecaa5967403d082aa24f35e1b516d23)
Start importing Assets/SimpleLowPolyNature/Models/Rock5.fbx using Guid(1c31f4821cebacb4caf43d3a6524741e) Importer(2089858483,0ecaa5967403d082aa24f35e1b516d23)  -> (artifact id: 'aa466edb173ff1e6125a87d4a915736c') in 0.019626 seconds 
========================================================================
Received Import Request.
  Time since last request: 0.000035 seconds.
  path: Assets/SimpleLowPolyNature/Models/Log.fbx
  artifactKey: Guid(d215d40c0f10c0e4d840d05f62427501) Importer(2089858483,0ecaa5967403d082aa24f35e1b516d23)
Start importing Assets/SimpleLowPolyNature/Models/Log.fbx using Guid(d215d40c0f10c0e4d840d05f62427501) Importer(2089858483,0ecaa5967403d082aa24f35e1b516d23)  -> (artifact id: 'cc6d6d820fcb34d832d5364a365170bc') in 0.021383 seconds 
========================================================================
Received Import Request.
  Time since last request: 0.000014 seconds.
  path: Assets/SimpleLowPolyNature/Models/TreeDead2.fbx
  artifactKey: Guid(b54382c620f8b7242b02940a41e44c5d) Importer(2089858483,0ecaa5967403d082aa24f35e1b516d23)
Start importing Assets/SimpleLowPolyNature/Models/TreeDead2.fbx using Guid(b54382c620f8b7242b02940a41e44c5d) Importer(2089858483,0ecaa5967403d082aa24f35e1b516d23)  -> (artifact id: '4c91d6ccba637a102275297b6467aac7') in 0.037399 seconds 
========================================================================
Received Import Request.
  Time since last request: 0.000022 seconds.
  path: Assets/Models/Materials/Guitar.mat
  artifactKey: Guid(96963f3b86842964284f15da0fc37b4c) Importer(2089858483,0ecaa5967403d082aa24f35e1b516d23)
Start importing Assets/Models/Materials/Guitar.mat using Guid(96963f3b86842964284f15da0fc37b4c) Importer(2089858483,0ecaa5967403d082aa24f35e1b516d23)  -> (artifact id: '7da7d9ba7821e23df54414f61d39e135') in 0.077638 seconds 
========================================================================
Received Import Request.
  Time since last request: 0.000021 seconds.
  path: Assets/SimpleLowPolyNature/Models/Tent.fbx
  artifactKey: Guid(819ac2c6fef18c54f850315b810c8cc7) Importer(2089858483,0ecaa5967403d082aa24f35e1b516d23)
Start importing Assets/SimpleLowPolyNature/Models/Tent.fbx using Guid(819ac2c6fef18c54f850315b810c8cc7) Importer(2089858483,0ecaa5967403d082aa24f35e1b516d23)  -> (artifact id: '636b13025729719b9b4d61c74d9e0996') in 0.028468 seconds 
========================================================================
Received Import Request.
  Time since last request: 0.000025 seconds.
  path: Assets/MicVolumeSample.cs
  artifactKey: Guid(0c7b5f0139f164a479a62ac61186e7fd) Importer(2089858483,0ecaa5967403d082aa24f35e1b516d23)
Start importing Assets/MicVolumeSample.cs using Guid(0c7b5f0139f164a479a62ac61186e7fd) Importer(2089858483,0ecaa5967403d082aa24f35e1b516d23)  -> (artifact id: '6762a9bf2f9dad68c9959ceabacea59a') in 0.006254 seconds 
========================================================================
Received Import Request.
  Time since last request: 0.000018 seconds.
  path: Assets/SimpleLowPolyNature/Materials/RockMat.mat
  artifactKey: Guid(5bfbfdebccebf0c45832bef70d1337f7) Importer(2089858483,0ecaa5967403d082aa24f35e1b516d23)
Start importing Assets/SimpleLowPolyNature/Materials/RockMat.mat using Guid(5bfbfdebccebf0c45832bef70d1337f7) Importer(2089858483,0ecaa5967403d082aa24f35e1b516d23)  -> (artifact id: '8596299bcade309b9efd47b12f40f0f9') in 0.031324 seconds 
========================================================================
Received Import Request.
  Time since last request: 0.000018 seconds.
  path: Assets/SimpleLowPolyNature/Models/Rock8.fbx
  artifactKey: Guid(432dbfb06e4b27c4685dd4b73d12867a) Importer(2089858483,0ecaa5967403d082aa24f35e1b516d23)
Start importing Assets/SimpleLowPolyNature/Models/Rock8.fbx using Guid(432dbfb06e4b27c4685dd4b73d12867a) Importer(2089858483,0ecaa5967403d082aa24f35e1b516d23)  -> (artifact id: 'bd9545ad7a7d1162bce319e00b87ab70') in 0.019515 seconds 
========================================================================
Received Import Request.
  Time since last request: 0.000017 seconds.
  path: Assets/HQ Acoustic system/Satellite_low.FBX
  artifactKey: Guid(8eb8edb82ed73cb418750550d784e536) Importer(2089858483,0ecaa5967403d082aa24f35e1b516d23)
Start importing Assets/HQ Acoustic system/Satellite_low.FBX using Guid(8eb8edb82ed73cb418750550d784e536) Importer(2089858483,0ecaa5967403d082aa24f35e1b516d23)  -> (artifact id: '70c123112d046295f300589a426f655b') in 0.020017 seconds 
========================================================================
Received Import Request.
  Time since last request: 0.000015 seconds.
  path: Assets/SimpleLowPolyNature/Materials/Mushroom2Mat.mat
  artifactKey: Guid(308680fc3656cdb49aa30c04aae1eb87) Importer(2089858483,0ecaa5967403d082aa24f35e1b516d23)
Start importing Assets/SimpleLowPolyNature/Materials/Mushroom2Mat.mat using Guid(308680fc3656cdb49aa30c04aae1eb87) Importer(2089858483,0ecaa5967403d082aa24f35e1b516d23)  -> (artifact id: '0d20a7233236878e8cee13344bc2d316') in 0.109069 seconds 
========================================================================
Received Import Request.
  Time since last request: 0.000022 seconds.
  path: Assets/PlayerFollowCamera.cs
  artifactKey: Guid(32a7d0b6a20edbf4eb93492bad5748f7) Importer(2089858483,0ecaa5967403d082aa24f35e1b516d23)
Start importing Assets/PlayerFollowCamera.cs using Guid(32a7d0b6a20edbf4eb93492bad5748f7) Importer(2089858483,0ecaa5967403d082aa24f35e1b516d23)  -> (artifact id: '8242ad0c0ab2264658f3ae2be00412c4') in 0.006755 seconds 
========================================================================
Received Import Request.
  Time since last request: 0.000027 seconds.
  path: Assets/SimpleLowPolyNature/Materials/WaterMat.mat
  artifactKey: Guid(541d89427b42b4040b80b215bdd9a767) Importer(2089858483,0ecaa5967403d082aa24f35e1b516d23)
Start importing Assets/SimpleLowPolyNature/Materials/WaterMat.mat using Guid(541d89427b42b4040b80b215bdd9a767) Importer(2089858483,0ecaa5967403d082aa24f35e1b516d23)  -> (artifact id: '480ee54130a1b8675f144866509c5ce0') in 0.017197 seconds 
========================================================================
Received Import Request.
  Time since last request: 0.000018 seconds.
  path: Assets/SimpleLowPolyNature/Models/Plant1.fbx
  artifactKey: Guid(1cba636e69e49404b8b39d4573d0a421) Importer(2089858483,0ecaa5967403d082aa24f35e1b516d23)
Start importing Assets/SimpleLowPolyNature/Models/Plant1.fbx using Guid(1cba636e69e49404b8b39d4573d0a421) Importer(2089858483,0ecaa5967403d082aa24f35e1b516d23)  -> (artifact id: 'aca90d8c69befbb400682a98b27d04e9') in 0.024571 seconds 
========================================================================
Received Import Request.
  Time since last request: 0.000022 seconds.
  path: Assets/SimpleLowPolyNature/Models/Rock2.fbx
  artifactKey: Guid(ff14cd0f332a7e04baab73f8c39b3918) Importer(2089858483,0ecaa5967403d082aa24f35e1b516d23)
Start importing Assets/SimpleLowPolyNature/Models/Rock2.fbx using Guid(ff14cd0f332a7e04baab73f8c39b3918) Importer(2089858483,0ecaa5967403d082aa24f35e1b516d23)  -> (artifact id: 'bdded6b36d0ee16f2c7ec98eaeb8ea07') in 0.023144 seconds 
========================================================================
Received Import Request.
  Time since last request: 0.000019 seconds.
  path: Assets/SimpleLowPolyNature/Lowpoly Demo Post-processing Profile.asset
  artifactKey: Guid(8474767a16347414bbd97f6670a97ea8) Importer(2089858483,0ecaa5967403d082aa24f35e1b516d23)
Start importing Assets/SimpleLowPolyNature/Lowpoly Demo Post-processing Profile.asset using Guid(8474767a16347414bbd97f6670a97ea8) Importer(2089858483,0ecaa5967403d082aa24f35e1b516d23)  -> (artifact id: 'b42dfff48daf839ef3350e51e73defc1') in 0.052384 seconds 
========================================================================
Received Import Request.
  Time since last request: 0.000018 seconds.
  path: Assets/SimpleLowPolyNature/Prefabs/Cloud2.prefab
  artifactKey: Guid(fddda2a39f85ef043ad3625db468391f) Importer(2089858483,0ecaa5967403d082aa24f35e1b516d23)
Start importing Assets/SimpleLowPolyNature/Prefabs/Cloud2.prefab using Guid(fddda2a39f85ef043ad3625db468391f) Importer(2089858483,0ecaa5967403d082aa24f35e1b516d23)  -> (artifact id: 'fd815ff06c59b264da3e7a5c04beec52') in 0.076830 seconds 
========================================================================
Received Import Request.
  Time since last request: 0.000021 seconds.
  path: Assets/SimpleLowPolyNature/Prefabs/Ivy1.prefab
  artifactKey: Guid(b3cfafb3174116447b21e588ab379d0b) Importer(2089858483,0ecaa5967403d082aa24f35e1b516d23)
Start importing Assets/SimpleLowPolyNature/Prefabs/Ivy1.prefab using Guid(b3cfafb3174116447b21e588ab379d0b) Importer(2089858483,0ecaa5967403d082aa24f35e1b516d23)  -> (artifact id: 'bea4796aa2114dcdee138a0bf39b5b79') in 0.028091 seconds 
========================================================================
Received Import Request.
  Time since last request: 0.000020 seconds.
  path: Assets/SimpleLowPolyNature/Prefabs/LightingPlant2.prefab
  artifactKey: Guid(92101ed146e7f434cb43a3680c518e75) Importer(2089858483,0ecaa5967403d082aa24f35e1b516d23)
Start importing Assets/SimpleLowPolyNature/Prefabs/LightingPlant2.prefab using Guid(92101ed146e7f434cb43a3680c518e75) Importer(2089858483,0ecaa5967403d082aa24f35e1b516d23)  -> (artifact id: '8774189a91fed5b13b6832270893a8c3') in 0.017302 seconds 
========================================================================
Received Import Request.
  Time since last request: 0.000017 seconds.
  path: Assets/SimpleLowPolyNature/Prefabs/Clouds2Layer.prefab
  artifactKey: Guid(89364a38eefe93d4495fa803300fc501) Importer(2089858483,0ecaa5967403d082aa24f35e1b516d23)
Start importing Assets/SimpleLowPolyNature/Prefabs/Clouds2Layer.prefab using Guid(89364a38eefe93d4495fa803300fc501) Importer(2089858483,0ecaa5967403d082aa24f35e1b516d23)  -> (artifact id: '04356029f9efab069a3769b0f60674bc') in 0.078820 seconds 
========================================================================
Received Import Request.
  Time since last request: 0.000018 seconds.
  path: Assets/SimpleLowPolyNature/Materials/TreeYellowMat.mat
  artifactKey: Guid(1b3799f72f9aa654d9f7a3787feef4ee) Importer(2089858483,0ecaa5967403d082aa24f35e1b516d23)
Start importing Assets/SimpleLowPolyNature/Materials/TreeYellowMat.mat using Guid(1b3799f72f9aa654d9f7a3787feef4ee) Importer(2089858483,0ecaa5967403d082aa24f35e1b516d23)  -> (artifact id: 'dc8173345748c8ffc3f13c5488713802') in 0.008594 seconds 
========================================================================
Received Import Request.
  Time since last request: 0.000017 seconds.
  path: Assets/SimpleLowPolyNature/Materials/EmissionYellowMat.mat
  artifactKey: Guid(a23517422c44285409996ebf0584f793) Importer(2089858483,0ecaa5967403d082aa24f35e1b516d23)
Start importing Assets/SimpleLowPolyNature/Materials/EmissionYellowMat.mat using Guid(a23517422c44285409996ebf0584f793) Importer(2089858483,0ecaa5967403d082aa24f35e1b516d23)  -> (artifact id: 'af40296276848468a68a4194e1e21420') in 0.021986 seconds 
========================================================================
Received Import Request.
  Time since last request: 0.000016 seconds.
  path: Assets/Scenes/SampleScene.unity
  artifactKey: Guid(9fc0d4010bbf28b4594072e72b8655ab) Importer(2089858483,0ecaa5967403d082aa24f35e1b516d23)
Start importing Assets/Scenes/SampleScene.unity using Guid(9fc0d4010bbf28b4594072e72b8655ab) Importer(2089858483,0ecaa5967403d082aa24f35e1b516d23)  -> (artifact id: 'bd98c16c9ed1eb8e36286e9da311e129') in 0.015033 seconds 
========================================================================
Received Import Request.
  Time since last request: 0.000020 seconds.
  path: Assets/SimpleLowPolyNature/Prefabs/Flower4.prefab
  artifactKey: Guid(96d41c598e0118d4e8684be3e2d7effb) Importer(2089858483,0ecaa5967403d082aa24f35e1b516d23)
Start importing Assets/SimpleLowPolyNature/Prefabs/Flower4.prefab using Guid(96d41c598e0118d4e8684be3e2d7effb) Importer(2089858483,0ecaa5967403d082aa24f35e1b516d23)  -> (artifact id: 'd8dc43c92a3a10a38536d504a3c51649') in 0.010117 seconds 
========================================================================
Received Import Request.
  Time since last request: 0.000020 seconds.
  path: Assets/SimpleLowPolyNature/Models/Plant3.fbx
  artifactKey: Guid(bcd65237e57a75348badd8c90f53bcd0) Importer(2089858483,0ecaa5967403d082aa24f35e1b516d23)
Start importing Assets/SimpleLowPolyNature/Models/Plant3.fbx using Guid(bcd65237e57a75348badd8c90f53bcd0) Importer(2089858483,0ecaa5967403d082aa24f35e1b516d23)  -> (artifact id: '3e6ae48883d3ea3102f56d531648c48d') in 0.018473 seconds 
========================================================================
Received Import Request.
  Time since last request: 0.000024 seconds.
  path: Assets/HQ Acoustic system/Acoustic_low_specular.tga
  artifactKey: Guid(17305f2ff4c936b40b2ae665ecb87bb6) Importer(2089858483,0ecaa5967403d082aa24f35e1b516d23)
Start importing Assets/HQ Acoustic system/Acoustic_low_specular.tga using Guid(17305f2ff4c936b40b2ae665ecb87bb6) Importer(2089858483,0ecaa5967403d082aa24f35e1b516d23)  -> (artifact id: 'd58ded3b488f24bced662f99020a1297') in 0.051675 seconds 
========================================================================
Received Import Request.
  Time since last request: 0.000039 seconds.
  path: Assets/SimpleLowPolyNature/Materials/Mushroom1Mat.mat
  artifactKey: Guid(5835797300e10724eb31a26fa6baa1a6) Importer(2089858483,0ecaa5967403d082aa24f35e1b516d23)
Start importing Assets/SimpleLowPolyNature/Materials/Mushroom1Mat.mat using Guid(5835797300e10724eb31a26fa6baa1a6) Importer(2089858483,0ecaa5967403d082aa24f35e1b516d23)  -> (artifact id: 'b936a06b27551d624e556922905830ab') in 0.007533 seconds 
========================================================================
Received Import Request.
  Time since last request: 0.000017 seconds.
  path: Assets/HQ Acoustic system/Amplifier_diffuse.tga
  artifactKey: Guid(847db88b2e0fb0d40a8571218a02d64d) Importer(2089858483,0ecaa5967403d082aa24f35e1b516d23)
Start importing Assets/HQ Acoustic system/Amplifier_diffuse.tga using Guid(847db88b2e0fb0d40a8571218a02d64d) Importer(2089858483,0ecaa5967403d082aa24f35e1b516d23)  -> (artifact id: '1de5d821a218b10f0a54bbf750ed8118') in 0.057068 seconds 
========================================================================
Received Import Request.
  Time since last request: 0.000015 seconds.
  path: Assets/HQ Acoustic system/Amplifier.prefab
  artifactKey: Guid(10720e2c0f89c1d4b9332e0709f6ea2d) Importer(2089858483,0ecaa5967403d082aa24f35e1b516d23)
Start importing Assets/HQ Acoustic system/Amplifier.prefab using Guid(10720e2c0f89c1d4b9332e0709f6ea2d) Importer(2089858483,0ecaa5967403d082aa24f35e1b516d23)  -> (artifact id: '1f90159568d743e06126d8c15c3cea39') in 0.017397 seconds 
========================================================================
Received Import Request.
  Time since last request: 0.000019 seconds.
  path: Assets/SimpleLowPolyNature/Models/LightingPlant2.fbx
  artifactKey: Guid(4a7d6681c1a137843b4a5b1dd9d74e6b) Importer(2089858483,0ecaa5967403d082aa24f35e1b516d23)
Start importing Assets/SimpleLowPolyNature/Models/LightingPlant2.fbx using Guid(4a7d6681c1a137843b4a5b1dd9d74e6b) Importer(2089858483,0ecaa5967403d082aa24f35e1b516d23)  -> (artifact id: 'e9ec9aedc17adbf83135a85a80dd2cc8') in 0.042610 seconds 
========================================================================
Received Import Request.
  Time since last request: 0.000018 seconds.
  path: Assets/SimpleLowPolyNature/Models/Flower2.fbx
  artifactKey: Guid(0c77d10ec0c97b54da131d936ef92059) Importer(2089858483,0ecaa5967403d082aa24f35e1b516d23)
Start importing Assets/SimpleLowPolyNature/Models/Flower2.fbx using Guid(0c77d10ec0c97b54da131d936ef92059) Importer(2089858483,0ecaa5967403d082aa24f35e1b516d23)  -> (artifact id: '706bb367edf213ef66ef6893ea68307f') in 0.054556 seconds 
========================================================================
Received Import Request.
  Time since last request: 0.000015 seconds.
  path: Assets/SimpleLowPolyNature/Prefabs/TreeDead1.prefab
  artifactKey: Guid(292c1954f8e2fd748857db06683062fb) Importer(2089858483,0ecaa5967403d082aa24f35e1b516d23)
Start importing Assets/SimpleLowPolyNature/Prefabs/TreeDead1.prefab using Guid(292c1954f8e2fd748857db06683062fb) Importer(2089858483,0ecaa5967403d082aa24f35e1b516d23)  -> (artifact id: '9d3b82ee879eac3edc18304fffd6123e') in 0.027699 seconds 
========================================================================
Received Import Request.
  Time since last request: 0.000018 seconds.
  path: Assets/SimpleLowPolyNature/Prefabs/Rock8.prefab
  artifactKey: Guid(2e56899687a42f54aa20a3b27f073806) Importer(2089858483,0ecaa5967403d082aa24f35e1b516d23)
Start importing Assets/SimpleLowPolyNature/Prefabs/Rock8.prefab using Guid(2e56899687a42f54aa20a3b27f073806) Importer(2089858483,0ecaa5967403d082aa24f35e1b516d23)  -> (artifact id: 'becb353f62473a310050dcb95ca4d756') in 0.008617 seconds 
========================================================================
Received Import Request.
  Time since last request: 0.000026 seconds.
  path: Assets/SimpleLowPolyNature/Prefabs/Rock7.prefab
  artifactKey: Guid(387f66ad181e92a48a858cf3a9e7df2f) Importer(2089858483,0ecaa5967403d082aa24f35e1b516d23)
Start importing Assets/SimpleLowPolyNature/Prefabs/Rock7.prefab using Guid(387f66ad181e92a48a858cf3a9e7df2f) Importer(2089858483,0ecaa5967403d082aa24f35e1b516d23)  -> (artifact id: 'f34c4550bac5a6e79d71b7fcfa2c269d') in 0.009217 seconds 
========================================================================
Received Import Request.
  Time since last request: 0.000016 seconds.
  path: Assets/SimpleLowPolyNature/Prefabs/Tent.prefab
  artifactKey: Guid(8ac33b2347e9f3c44b5343e4d23173f9) Importer(2089858483,0ecaa5967403d082aa24f35e1b516d23)
Start importing Assets/SimpleLowPolyNature/Prefabs/Tent.prefab using Guid(8ac33b2347e9f3c44b5343e4d23173f9) Importer(2089858483,0ecaa5967403d082aa24f35e1b516d23)  -> (artifact id: '6d88cd0d2ccb030b732e722f059f3511') in 0.024439 seconds 
========================================================================
Received Import Request.
  Time since last request: 0.000016 seconds.
  path: Assets/SimpleLowPolyNature/Prefabs/PlantEx1.prefab
  artifactKey: Guid(c0c49c89c2d72a14892c9d4ad23f6dc1) Importer(2089858483,0ecaa5967403d082aa24f35e1b516d23)
Start importing Assets/SimpleLowPolyNature/Prefabs/PlantEx1.prefab using Guid(c0c49c89c2d72a14892c9d4ad23f6dc1) Importer(2089858483,0ecaa5967403d082aa24f35e1b516d23)  -> (artifact id: '9998781e829cd91da070c8726f12d8f2') in 0.046186 seconds 
========================================================================
Received Import Request.
  Time since last request: 0.000020 seconds.
  path: Assets/SimpleLowPolyNature/Prefabs/PlantEx3.prefab
  artifactKey: Guid(87b04a6b131597e4db952f9810390439) Importer(2089858483,0ecaa5967403d082aa24f35e1b516d23)
Start importing Assets/SimpleLowPolyNature/Prefabs/PlantEx3.prefab using Guid(87b04a6b131597e4db952f9810390439) Importer(2089858483,0ecaa5967403d082aa24f35e1b516d23)  -> (artifact id: '54c86fd97ba6ada7e0dc76f1bf79d9fb') in 0.081014 seconds 
========================================================================
Received Import Request.
  Time since last request: 0.000026 seconds.
  path: Assets/SimpleLowPolyNature/Prefabs/TreePink3.prefab
  artifactKey: Guid(1850815f38acaab4085c2fb6a7ca2928) Importer(2089858483,0ecaa5967403d082aa24f35e1b516d23)
Start importing Assets/SimpleLowPolyNature/Prefabs/TreePink3.prefab using Guid(1850815f38acaab4085c2fb6a7ca2928) Importer(2089858483,0ecaa5967403d082aa24f35e1b516d23)  -> (artifact id: 'ad3f668c7baac56895d323551f3d7025') in 0.139882 seconds 
========================================================================
Received Import Request.
  Time since last request: 0.000017 seconds.
  path: Assets/Prefabs/Amp.prefab
  artifactKey: Guid(76fdb8c6c13eb50498e1de4ec2841155) Importer(2089858483,0ecaa5967403d082aa24f35e1b516d23)
Start importing Assets/Prefabs/Amp.prefab using Guid(76fdb8c6c13eb50498e1de4ec2841155) Importer(2089858483,0ecaa5967403d082aa24f35e1b516d23)  -> (artifact id: 'c8e9a5f6f1214fc7485d3fea401078b5') in 0.008587 seconds 
========================================================================
Received Import Request.
  Time since last request: 0.000024 seconds.
  path: Assets/SimpleLowPolyNature/Prefabs/Grass1.prefab
  artifactKey: Guid(430aea17f65ddba419bf9f426b17128f) Importer(2089858483,0ecaa5967403d082aa24f35e1b516d23)
Start importing Assets/SimpleLowPolyNature/Prefabs/Grass1.prefab using Guid(430aea17f65ddba419bf9f426b17128f) Importer(2089858483,0ecaa5967403d082aa24f35e1b516d23)  -> (artifact id: 'ed709298d51476c02a94654b7e459686') in 0.034335 seconds 
========================================================================
Received Import Request.
  Time since last request: 0.000017 seconds.
  path: Assets/SimpleLowPolyNature/Models/FallenBranch.fbx
  artifactKey: Guid(a05b1bd673e1bfd4986cd14348a0c7c2) Importer(2089858483,0ecaa5967403d082aa24f35e1b516d23)
Start importing Assets/SimpleLowPolyNature/Models/FallenBranch.fbx using Guid(a05b1bd673e1bfd4986cd14348a0c7c2) Importer(2089858483,0ecaa5967403d082aa24f35e1b516d23)  -> (artifact id: 'b9eeb350ed7f31882a2ac74044982d52') in 0.024792 seconds 
========================================================================
Received Import Request.
  Time since last request: 0.000018 seconds.
  path: Assets/SimpleLowPolyNature/Prefabs/FallenBranch.prefab
  artifactKey: Guid(f8ccaa39b2ab7414796d8eaab4b7bb81) Importer(2089858483,0ecaa5967403d082aa24f35e1b516d23)
Start importing Assets/SimpleLowPolyNature/Prefabs/FallenBranch.prefab using Guid(f8ccaa39b2ab7414796d8eaab4b7bb81) Importer(2089858483,0ecaa5967403d082aa24f35e1b516d23)  -> (artifact id: '7d2e552316267677218566c3f6bacc01') in 0.008267 seconds 
========================================================================
Received Import Request.
  Time since last request: 0.000020 seconds.
  path: Assets/Prefabs/Guitar.prefab
  artifactKey: Guid(e29a480a127f6d344a7fb0efcb24dd73) Importer(2089858483,0ecaa5967403d082aa24f35e1b516d23)
Start importing Assets/Prefabs/Guitar.prefab using Guid(e29a480a127f6d344a7fb0efcb24dd73) Importer(2089858483,0ecaa5967403d082aa24f35e1b516d23)  -> (artifact id: '8661f4214bc4eb8b3596b819945d33df') in 0.009288 seconds 
========================================================================
Received Import Request.
  Time since last request: 0.000017 seconds.
  path: Assets/kuso.mp4
  artifactKey: Guid(cc8987acdcf67da4b8de309d41bc9130) Importer(2089858483,0ecaa5967403d082aa24f35e1b516d23)
Start importing Assets/kuso.mp4 using Guid(cc8987acdcf67da4b8de309d41bc9130) Importer(2089858483,0ecaa5967403d082aa24f35e1b516d23)  -> (artifact id: '535ea4364735b2c88c10fb14da12a989') in 0.008060 seconds 
========================================================================
Received Import Request.
  Time since last request: 0.000022 seconds.
  path: Assets/HQ Acoustic system/Subwoofer.prefab
  artifactKey: Guid(d71691cb16f685e42a08863fdaa2d6e7) Importer(2089858483,0ecaa5967403d082aa24f35e1b516d23)
Start importing Assets/HQ Acoustic system/Subwoofer.prefab using Guid(d71691cb16f685e42a08863fdaa2d6e7) Importer(2089858483,0ecaa5967403d082aa24f35e1b516d23)  -> (artifact id: '8a4a850d967791017533389ced58d115') in 0.009613 seconds 
========================================================================
Received Import Request.
  Time since last request: 0.000018 seconds.
  path: Assets/SimpleLowPolyNature/Prefabs/Tree2.prefab
  artifactKey: Guid(3e2accafa3a5f1b40ba86cf39bcb49a7) Importer(2089858483,0ecaa5967403d082aa24f35e1b516d23)
Start importing Assets/SimpleLowPolyNature/Prefabs/Tree2.prefab using Guid(3e2accafa3a5f1b40ba86cf39bcb49a7) Importer(2089858483,0ecaa5967403d082aa24f35e1b516d23)  -> (artifact id: 'f38b5efce4aac1545ae29fe7a85fbcd2') in 0.025318 seconds 
========================================================================
Received Import Request.
  Time since last request: 0.000024 seconds.
  path: Assets/Prop/Lighting Generator/Materials/PRP_LightingGenerator_01_DM.mat
  artifactKey: Guid(902214cb60a326f40a17e2bb0e398ff7) Importer(2089858483,0ecaa5967403d082aa24f35e1b516d23)
Start importing Assets/Prop/Lighting Generator/Materials/PRP_LightingGenerator_01_DM.mat using Guid(902214cb60a326f40a17e2bb0e398ff7) Importer(2089858483,0ecaa5967403d082aa24f35e1b516d23)  -> (artifact id: '23a020a3e4c3ab52eccc537b0c8a8679') in 0.027459 seconds 
========================================================================
Received Import Request.
  Time since last request: 0.000024 seconds.
  path: Assets/SimpleLowPolyNature/Prefabs/WoodBoat.prefab
  artifactKey: Guid(27e25e3bc7ba5f640aea250f9a3842bd) Importer(2089858483,0ecaa5967403d082aa24f35e1b516d23)
Start importing Assets/SimpleLowPolyNature/Prefabs/WoodBoat.prefab using Guid(27e25e3bc7ba5f640aea250f9a3842bd) Importer(2089858483,0ecaa5967403d082aa24f35e1b516d23)  -> (artifact id: '639f0d800098b6367fa3a56a735724ba') in 0.019157 seconds 
========================================================================
Received Import Request.
  Time since last request: 0.000020 seconds.
  path: Assets/SimpleLowPolyNature/Scenes/SceneDemoAsset/LowpolyTerrain.prefab
  artifactKey: Guid(f01337c4b1a6e774cb6a6f4c3dd02910) Importer(2089858483,0ecaa5967403d082aa24f35e1b516d23)
Start importing Assets/SimpleLowPolyNature/Scenes/SceneDemoAsset/LowpolyTerrain.prefab using Guid(f01337c4b1a6e774cb6a6f4c3dd02910) Importer(2089858483,0ecaa5967403d082aa24f35e1b516d23)  -> (artifact id: '1d338b29a7ee434d4ca9df382e94c4dd') in 0.016139 seconds 
========================================================================
Received Import Request.
  Time since last request: 0.000032 seconds.
  path: Assets/Prop/Lighting Generator/Materials/big_preciseLG.mat
  artifactKey: Guid(e4ddf4b9578a12a44a8804f64ea65a5d) Importer(2089858483,0ecaa5967403d082aa24f35e1b516d23)
Start importing Assets/Prop/Lighting Generator/Materials/big_preciseLG.mat using Guid(e4ddf4b9578a12a44a8804f64ea65a5d) Importer(2089858483,0ecaa5967403d082aa24f35e1b516d23)  -> (artifact id: '401be20024007f23f0b7fd8289a465eb') in 0.007569 seconds 
========================================================================
Received Import Request.
  Time since last request: 0.000018 seconds.
  path: Assets/Prop/Lighting Generator/Materials/LG1.mat
  artifactKey: Guid(e40f98270a9dcf24f8ed826732574e3b) Importer(2089858483,0ecaa5967403d082aa24f35e1b516d23)
Start importing Assets/Prop/Lighting Generator/Materials/LG1.mat using Guid(e40f98270a9dcf24f8ed826732574e3b) Importer(2089858483,0ecaa5967403d082aa24f35e1b516d23)  -> (artifact id: 'c6199e8eecdcc15975fa5c200223cbfa') in 0.018484 seconds 
========================================================================
Received Import Request.
  Time since last request: 0.000048 seconds.
  path: Assets/SimpleLowPolyNature/Prefabs/Rock3.prefab
  artifactKey: Guid(1cc366ffed1f2924690139d67a88b254) Importer(2089858483,0ecaa5967403d082aa24f35e1b516d23)
Start importing Assets/SimpleLowPolyNature/Prefabs/Rock3.prefab using Guid(1cc366ffed1f2924690139d67a88b254) Importer(2089858483,0ecaa5967403d082aa24f35e1b516d23)  -> (artifact id: '36a424b66e5c66a278f1815cd895366a') in 0.022281 seconds 
========================================================================
Received Import Request.
  Time since last request: 0.000031 seconds.
  path: Assets/Prop/Lighting Generator/PRP_LightingGenerator_01_NM.jpg
  artifactKey: Guid(413a0095edeaa4b4c96b05fcecd78199) Importer(2089858483,0ecaa5967403d082aa24f35e1b516d23)
Start importing Assets/Prop/Lighting Generator/PRP_LightingGenerator_01_NM.jpg using Guid(413a0095edeaa4b4c96b05fcecd78199) Importer(2089858483,0ecaa5967403d082aa24f35e1b516d23)  -> (artifact id: 'f6b83df11620623669bf6c33a2332d4a') in 0.024844 seconds 
========================================================================
Received Import Request.
  Time since last request: 0.000014 seconds.
  path: Assets/SimpleLowPolyNature/Prefabs/Mushroom2.prefab
  artifactKey: Guid(5ad0841d147e6664f9ee38e733624608) Importer(2089858483,0ecaa5967403d082aa24f35e1b516d23)
Start importing Assets/SimpleLowPolyNature/Prefabs/Mushroom2.prefab using Guid(5ad0841d147e6664f9ee38e733624608) Importer(2089858483,0ecaa5967403d082aa24f35e1b516d23)  -> (artifact id: '5d50dd4ea9c3cda07439a9ed993cae05') in 0.022862 seconds 
========================================================================
Received Import Request.
  Time since last request: 0.000018 seconds.
  path: Assets/Prop/Lighting Generator/small_preciseLG.jpg
  artifactKey: Guid(d3fa215ff8cf1f945a9f5feda9f0ff96) Importer(2089858483,0ecaa5967403d082aa24f35e1b516d23)
Start importing Assets/Prop/Lighting Generator/small_preciseLG.jpg using Guid(d3fa215ff8cf1f945a9f5feda9f0ff96) Importer(2089858483,0ecaa5967403d082aa24f35e1b516d23)  -> (artifact id: 'c0489d75b39a869dabc0119973d0fe93') in 0.020582 seconds 
========================================================================
Received Import Request.
  Time since last request: 0.000018 seconds.
  path: Assets/SimpleLowPolyNature/Models/Rock6.fbx
  artifactKey: Guid(4cfe42c97b386f64db12ed55713310df) Importer(2089858483,0ecaa5967403d082aa24f35e1b516d23)
Start importing Assets/SimpleLowPolyNature/Models/Rock6.fbx using Guid(4cfe42c97b386f64db12ed55713310df) Importer(2089858483,0ecaa5967403d082aa24f35e1b516d23)  -> (artifact id: 'fae72210437a8f5c4c664e81b241820a') in 0.016908 seconds 
========================================================================
Received Import Request.
  Time since last request: 0.000018 seconds.
  path: Assets/SimpleLowPolyNature/Models/Rock10.fbx
  artifactKey: Guid(d288b039beecd234b907927b55a30107) Importer(2089858483,0ecaa5967403d082aa24f35e1b516d23)
Start importing Assets/SimpleLowPolyNature/Models/Rock10.fbx using Guid(d288b039beecd234b907927b55a30107) Importer(2089858483,0ecaa5967403d082aa24f35e1b516d23)  -> (artifact id: 'b2efe8352ffb3faeb5ffeec6ce7a40b1') in 0.019712 seconds 
========================================================================
Received Import Request.
  Time since last request: 0.000021 seconds.
  path: Assets/SimpleLowPolyNature/Prefabs/TreeStump.prefab
  artifactKey: Guid(c185f4228ecc7b14cb47ae816197d6b4) Importer(2089858483,0ecaa5967403d082aa24f35e1b516d23)
Start importing Assets/SimpleLowPolyNature/Prefabs/TreeStump.prefab using Guid(c185f4228ecc7b14cb47ae816197d6b4) Importer(2089858483,0ecaa5967403d082aa24f35e1b516d23)  -> (artifact id: '24b766ada920a0594cade884176fa8d5') in 0.021329 seconds 
========================================================================
Received Import Request.
  Time since last request: 0.000016 seconds.
  path: Assets/SimpleLowPolyNature/Materials/FireParticleAddMat.mat
  artifactKey: Guid(4d013014c63f66349b847f12173289d2) Importer(2089858483,0ecaa5967403d082aa24f35e1b516d23)
Start importing Assets/SimpleLowPolyNature/Materials/FireParticleAddMat.mat using Guid(4d013014c63f66349b847f12173289d2) Importer(2089858483,0ecaa5967403d082aa24f35e1b516d23)  -> (artifact id: 'bdd011445381e3735fd52669365d5151') in 0.011084 seconds 
========================================================================
Received Import Request.
  Time since last request: 0.000020 seconds.
  path: Assets/SimpleLowPolyNature/Models/TreeDead1.fbx
  artifactKey: Guid(0b3d8d7f8b41322499664c115aa6ca90) Importer(2089858483,0ecaa5967403d082aa24f35e1b516d23)
Start importing Assets/SimpleLowPolyNature/Models/TreeDead1.fbx using Guid(0b3d8d7f8b41322499664c115aa6ca90) Importer(2089858483,0ecaa5967403d082aa24f35e1b516d23)  -> (artifact id: 'f1258eaf52498485ff587998541681c5') in 0.017475 seconds 
========================================================================
Received Import Request.
  Time since last request: 0.000015 seconds.
  path: Assets/SimpleLowPolyNature/Scenes/PrefabsScene/Lightmap-1_comp_light.exr
  artifactKey: Guid(79007bb635c0658428463e660b93418d) Importer(2089858483,0ecaa5967403d082aa24f35e1b516d23)
Start importing Assets/SimpleLowPolyNature/Scenes/PrefabsScene/Lightmap-1_comp_light.exr using Guid(79007bb635c0658428463e660b93418d) Importer(2089858483,0ecaa5967403d082aa24f35e1b516d23)  -> (artifact id: '3b9b69b8bb815384e66deaad692cde66') in 0.052321 seconds 
========================================================================
Received Import Request.
  Time since last request: 0.000017 seconds.
  path: Assets/SimpleLowPolyNature/Models/Cloud2.fbx
  artifactKey: Guid(a6334d263148b284bb2aeeef15b19ead) Importer(2089858483,0ecaa5967403d082aa24f35e1b516d23)
Start importing Assets/SimpleLowPolyNature/Models/Cloud2.fbx using Guid(a6334d263148b284bb2aeeef15b19ead) Importer(2089858483,0ecaa5967403d082aa24f35e1b516d23)  -> (artifact id: '861b900e18c9674663fa0834d9467964') in 0.019824 seconds 
========================================================================
Received Import Request.
  Time since last request: 0.000022 seconds.
  path: Assets/SimpleLowPolyNature/Prefabs/WoodFence1.prefab
  artifactKey: Guid(aa99a810914c5b84b9bc5d51f95dd05c) Importer(2089858483,0ecaa5967403d082aa24f35e1b516d23)
Start importing Assets/SimpleLowPolyNature/Prefabs/WoodFence1.prefab using Guid(aa99a810914c5b84b9bc5d51f95dd05c) Importer(2089858483,0ecaa5967403d082aa24f35e1b516d23)  -> (artifact id: '22b09580e23738b2ffc4a6e78a57f182') in 0.022438 seconds 
========================================================================
Received Import Request.
  Time since last request: 0.000018 seconds.
  path: Assets/SimpleLowPolyNature/Models/WoodFence1.fbx
  artifactKey: Guid(c699e5b3f6b327a409822e3e22e386dd) Importer(2089858483,0ecaa5967403d082aa24f35e1b516d23)
Start importing Assets/SimpleLowPolyNature/Models/WoodFence1.fbx using Guid(c699e5b3f6b327a409822e3e22e386dd) Importer(2089858483,0ecaa5967403d082aa24f35e1b516d23)  -> (artifact id: 'a8be7ca6e533b35f5bbcaf494dc1eab0') in 0.017662 seconds 
========================================================================
Received Import Request.
  Time since last request: 0.000014 seconds.
  path: Assets/SimpleLowPolyNature/Prefabs/Rock11.prefab
  artifactKey: Guid(c00ecfa9e008e304ca87beda15e69f43) Importer(2089858483,0ecaa5967403d082aa24f35e1b516d23)
Start importing Assets/SimpleLowPolyNature/Prefabs/Rock11.prefab using Guid(c00ecfa9e008e304ca87beda15e69f43) Importer(2089858483,0ecaa5967403d082aa24f35e1b516d23)  -> (artifact id: 'e3131489b88ef3b56dc48c9da8cdb99b') in 0.011060 seconds 
========================================================================
Received Import Request.
  Time since last request: 0.000016 seconds.
  path: Assets/SimpleLowPolyNature/Prefabs/Tree3.prefab
  artifactKey: Guid(a79279818571b6848a9ccb8dcb36dd2c) Importer(2089858483,0ecaa5967403d082aa24f35e1b516d23)
Start importing Assets/SimpleLowPolyNature/Prefabs/Tree3.prefab using Guid(a79279818571b6848a9ccb8dcb36dd2c) Importer(2089858483,0ecaa5967403d082aa24f35e1b516d23)  -> (artifact id: '49efe709ea44f0ef76c47f7e611ad838') in 0.009561 seconds 
========================================================================
Received Import Request.
  Time since last request: 0.000015 seconds.
  path: Assets/SimpleLowPolyNature/Readme.txt
  artifactKey: Guid(cbb81d6518e3a6241a34ff308101e1a4) Importer(2089858483,0ecaa5967403d082aa24f35e1b516d23)
Start importing Assets/SimpleLowPolyNature/Readme.txt using Guid(cbb81d6518e3a6241a34ff308101e1a4) Importer(2089858483,0ecaa5967403d082aa24f35e1b516d23)  -> (artifact id: '0015590b19c971df9d469edf1ec9651a') in 0.101525 seconds 
========================================================================
Received Import Request.
  Time since last request: 0.000022 seconds.
  path: Assets/WebCamera.cs
  artifactKey: Guid(6c29bffe0ce9d8241929c71cd6bea4bb) Importer(2089858483,0ecaa5967403d082aa24f35e1b516d23)
Start importing Assets/WebCamera.cs using Guid(6c29bffe0ce9d8241929c71cd6bea4bb) Importer(2089858483,0ecaa5967403d082aa24f35e1b516d23)  -> (artifact id: 'e1ad744260c6208bd0ba835165056b16') in 0.005715 seconds 
========================================================================
Received Import Request.
  Time since last request: 0.000021 seconds.
  path: Assets/SimpleLowPolyNature/Prefabs/LightingPlant1.prefab
  artifactKey: Guid(46ca9bca5d4d6824c9973375d741a3df) Importer(2089858483,0ecaa5967403d082aa24f35e1b516d23)
Start importing Assets/SimpleLowPolyNature/Prefabs/LightingPlant1.prefab using Guid(46ca9bca5d4d6824c9973375d741a3df) Importer(2089858483,0ecaa5967403d082aa24f35e1b516d23)  -> (artifact id: 'e1a8d5ce69622451a59c992d5c187702') in 0.008425 seconds 
========================================================================
Received Import Request.
  Time since last request: 0.000017 seconds.
  path: Assets/SimpleLowPolyNature/Models/WoodFence2.fbx
  artifactKey: Guid(a7eee764f17b55b4dbca990db05fd90b) Importer(2089858483,0ecaa5967403d082aa24f35e1b516d23)
Start importing Assets/SimpleLowPolyNature/Models/WoodFence2.fbx using Guid(a7eee764f17b55b4dbca990db05fd90b) Importer(2089858483,0ecaa5967403d082aa24f35e1b516d23)  -> (artifact id: '9134f213d7199957f3a42f8e154b5ebc') in 0.028429 seconds 
========================================================================
Received Import Request.
  Time since last request: 0.000019 seconds.
  path: Assets/SimpleLowPolyNature/Materials/EmissionBlueMat.mat
  artifactKey: Guid(5a42f8033becfcc4db580e9dd08bd6b3) Importer(2089858483,0ecaa5967403d082aa24f35e1b516d23)
Start importing Assets/SimpleLowPolyNature/Materials/EmissionBlueMat.mat using Guid(5a42f8033becfcc4db580e9dd08bd6b3) Importer(2089858483,0ecaa5967403d082aa24f35e1b516d23)  -> (artifact id: 'd53a353cfcef524fbfea29efccccc342') in 0.019903 seconds 
========================================================================
Received Import Request.
  Time since last request: 0.000021 seconds.
  path: Assets/SimpleLowPolyNature/Materials/Mushroom3Mat.mat
  artifactKey: Guid(23f92ab09af350146b1d22ca67ed7887) Importer(2089858483,0ecaa5967403d082aa24f35e1b516d23)
Start importing Assets/SimpleLowPolyNature/Materials/Mushroom3Mat.mat using Guid(23f92ab09af350146b1d22ca67ed7887) Importer(2089858483,0ecaa5967403d082aa24f35e1b516d23)  -> (artifact id: '95a57f0be33ee996f9590ae5e6fc2952') in 0.008213 seconds 
========================================================================
Received Import Request.
  Time since last request: 0.000022 seconds.
  path: Assets/HQ Acoustic system/Amplifier_normal.tga
  artifactKey: Guid(fb9dcd890c1fd4f408deb6bb86e6aa25) Importer(2089858483,0ecaa5967403d082aa24f35e1b516d23)
Start importing Assets/HQ Acoustic system/Amplifier_normal.tga using Guid(fb9dcd890c1fd4f408deb6bb86e6aa25) Importer(2089858483,0ecaa5967403d082aa24f35e1b516d23)  -> (artifact id: '9940404836034a26e92651f5007a33cb') in 0.019962 seconds 
========================================================================
Received Import Request.
  Time since last request: 0.000019 seconds.
  path: Assets/SimpleLowPolyNature/Prefabs/Flower2.prefab
  artifactKey: Guid(d7375139d18121f4daae96053a84e4c9) Importer(2089858483,0ecaa5967403d082aa24f35e1b516d23)
Start importing Assets/SimpleLowPolyNature/Prefabs/Flower2.prefab using Guid(d7375139d18121f4daae96053a84e4c9) Importer(2089858483,0ecaa5967403d082aa24f35e1b516d23)  -> (artifact id: '74149c3e6d3a07fbbb80c3f3d6bdaf31') in 0.014788 seconds 
========================================================================
Received Import Request.
  Time since last request: 0.000019 seconds.
  path: Assets/SimpleLowPolyNature/Models/TreeStump1.fbx
  artifactKey: Guid(71e7cb600453b0a4791c471c86dcb60a) Importer(2089858483,0ecaa5967403d082aa24f35e1b516d23)
Start importing Assets/SimpleLowPolyNature/Models/TreeStump1.fbx using Guid(71e7cb600453b0a4791c471c86dcb60a) Importer(2089858483,0ecaa5967403d082aa24f35e1b516d23)  -> (artifact id: '7c6dcfd572455040b34be46690b30cfc') in 0.019172 seconds 
========================================================================
Received Import Request.
  Time since last request: 0.000017 seconds.
  path: Assets/HQ Acoustic system/Satellite_hight.prefab
  artifactKey: Guid(cb618eae855076242926bab5edf2b8c0) Importer(2089858483,0ecaa5967403d082aa24f35e1b516d23)
Start importing Assets/HQ Acoustic system/Satellite_hight.prefab using Guid(cb618eae855076242926bab5edf2b8c0) Importer(2089858483,0ecaa5967403d082aa24f35e1b516d23)  -> (artifact id: '78566d4537e108edec1ee76fad5973f5') in 0.014405 seconds 
========================================================================
Received Import Request.
  Time since last request: 0.000015 seconds.
  path: Assets/SimpleLowPolyNature/Prefabs/MushroomLarge.prefab
  artifactKey: Guid(47ded181e73460047bae5118c0254d3e) Importer(2089858483,0ecaa5967403d082aa24f35e1b516d23)
Start importing Assets/SimpleLowPolyNature/Prefabs/MushroomLarge.prefab using Guid(47ded181e73460047bae5118c0254d3e) Importer(2089858483,0ecaa5967403d082aa24f35e1b516d23)  -> (artifact id: '21525404a2272975c31f6a34ece74042') in 0.010442 seconds 
========================================================================
Received Import Request.
  Time since last request: 0.000020 seconds.
  path: Assets/SimpleLowPolyNature/Prefabs/Rock5.prefab
  artifactKey: Guid(daf661d478fbcbf4791f00721500cb43) Importer(2089858483,0ecaa5967403d082aa24f35e1b516d23)
Start importing Assets/SimpleLowPolyNature/Prefabs/Rock5.prefab using Guid(daf661d478fbcbf4791f00721500cb43) Importer(2089858483,0ecaa5967403d082aa24f35e1b516d23)  -> (artifact id: '129bcc24a6de95be71056ec64eb65627') in 0.025274 seconds 
========================================================================
Received Import Request.
  Time since last request: 0.000029 seconds.
  path: Assets/SimpleLowPolyNature/Models/Tree2.fbx
  artifactKey: Guid(18e0a23f11756454e801ad6f484ca310) Importer(2089858483,0ecaa5967403d082aa24f35e1b516d23)
Start importing Assets/SimpleLowPolyNature/Models/Tree2.fbx using Guid(18e0a23f11756454e801ad6f484ca310) Importer(2089858483,0ecaa5967403d082aa24f35e1b516d23)  -> (artifact id: '00e504c1351911a3c90c671a349d242b') in 0.017308 seconds 
========================================================================
Received Import Request.
  Time since last request: 0.000034 seconds.
  path: Assets/New Controls.inputactions
  artifactKey: Guid(9d3a2625c561efe45801e7cb701c1bcf) Importer(2089858483,0ecaa5967403d082aa24f35e1b516d23)
Start importing Assets/New Controls.inputactions using Guid(9d3a2625c561efe45801e7cb701c1bcf) Importer(2089858483,0ecaa5967403d082aa24f35e1b516d23)  -> (artifact id: 'b85a8fdf6c8d9b4c67b3f89f64d615ac') in 0.041383 seconds 
========================================================================
Received Import Request.
  Time since last request: 0.000021 seconds.
  path: Assets/HQ Acoustic system/Amplifier.FBX
  artifactKey: Guid(a597891020ca05d4e9c2f20e089b6b84) Importer(2089858483,0ecaa5967403d082aa24f35e1b516d23)
Start importing Assets/HQ Acoustic system/Amplifier.FBX using Guid(a597891020ca05d4e9c2f20e089b6b84) Importer(2089858483,0ecaa5967403d082aa24f35e1b516d23)  -> (artifact id: 'a81f33f1e18cfed968de9315fed5b2d1') in 0.049544 seconds 
========================================================================
Received Import Request.
  Time since last request: 0.000018 seconds.
  path: Assets/HQ Acoustic system/Subwoofer.FBX
  artifactKey: Guid(952cf7ee7fb27ea4780ae5c140d77b6e) Importer(2089858483,0ecaa5967403d082aa24f35e1b516d23)
Start importing Assets/HQ Acoustic system/Subwoofer.FBX using Guid(952cf7ee7fb27ea4780ae5c140d77b6e) Importer(2089858483,0ecaa5967403d082aa24f35e1b516d23)  -> (artifact id: 'e319891354022444bb96c9b7bc40fdce') in 0.017038 seconds 
========================================================================
Received Import Request.
  Time since last request: 0.000022 seconds.
  path: Assets/Prop/Lighting Generator/Materials/icon_preciseLG.mat
  artifactKey: Guid(082c8ed266072d74e8886ba0642998ad) Importer(2089858483,0ecaa5967403d082aa24f35e1b516d23)
Start importing Assets/Prop/Lighting Generator/Materials/icon_preciseLG.mat using Guid(082c8ed266072d74e8886ba0642998ad) Importer(2089858483,0ecaa5967403d082aa24f35e1b516d23)  -> (artifact id: 'ed8e8e4de7010f3d5644f4c54076aa44') in 0.034626 seconds 
========================================================================
Received Import Request.
  Time since last request: 0.000015 seconds.
  path: Assets/HQ Acoustic system/Satellite_center.FBX
  artifactKey: Guid(504ee59492c7a274fb77246920962edf) Importer(2089858483,0ecaa5967403d082aa24f35e1b516d23)
Start importing Assets/HQ Acoustic system/Satellite_center.FBX using Guid(504ee59492c7a274fb77246920962edf) Importer(2089858483,0ecaa5967403d082aa24f35e1b516d23)  -> (artifact id: 'd72b4a1154ecb3a4e3a01e33b4d30487') in 0.018795 seconds 
========================================================================
Received Import Request.
  Time since last request: 0.000017 seconds.
  path: Assets/SimpleLowPolyNature/Prefabs/TreeYellow3.prefab
  artifactKey: Guid(2196e66c52d25ac469e55fb8f4d54d4a) Importer(2089858483,0ecaa5967403d082aa24f35e1b516d23)
Start importing Assets/SimpleLowPolyNature/Prefabs/TreeYellow3.prefab using Guid(2196e66c52d25ac469e55fb8f4d54d4a) Importer(2089858483,0ecaa5967403d082aa24f35e1b516d23)  -> (artifact id: 'dc3b423a013c7704cad81516af85e0a8') in 0.009093 seconds 
========================================================================
Received Import Request.
  Time since last request: 0.000015 seconds.
  path: Assets/SimpleLowPolyNature/Materials/Flower1Mat.mat
  artifactKey: Guid(202c5159be2241d4682cfcbb8d30c7d2) Importer(2089858483,0ecaa5967403d082aa24f35e1b516d23)
Start importing Assets/SimpleLowPolyNature/Materials/Flower1Mat.mat using Guid(202c5159be2241d4682cfcbb8d30c7d2) Importer(2089858483,0ecaa5967403d082aa24f35e1b516d23)  -> (artifact id: '840b9b4b2e2b0e5fcc2fcf5e9984d7e4') in 0.007157 seconds 
========================================================================
Received Import Request.
  Time since last request: 0.000021 seconds.
  path: Assets/SimpleLowPolyNature/Shaders/SimpleWater.shader
  artifactKey: Guid(5da8b0368ef6e224f81430e29e23cd96) Importer(2089858483,0ecaa5967403d082aa24f35e1b516d23)
Start importing Assets/SimpleLowPolyNature/Shaders/SimpleWater.shader using Guid(5da8b0368ef6e224f81430e29e23cd96) Importer(2089858483,0ecaa5967403d082aa24f35e1b516d23)  -> (artifact id: '5e1550ba388f53fbfd618566ea119425') in 0.019273 seconds 
========================================================================
Received Import Request.
  Time since last request: 0.000025 seconds.
  path: Assets/SimpleLowPolyNature/Materials/TreeGreen1Mat.mat
  artifactKey: Guid(cf7b2a2a4b5c2bb409c794db9d64ff3f) Importer(2089858483,0ecaa5967403d082aa24f35e1b516d23)
Start importing Assets/SimpleLowPolyNature/Materials/TreeGreen1Mat.mat using Guid(cf7b2a2a4b5c2bb409c794db9d64ff3f) Importer(2089858483,0ecaa5967403d082aa24f35e1b516d23)  -> (artifact id: '62641ad9358cb1cfd76e4d32159a8e24') in 0.010914 seconds 
========================================================================
Received Import Request.
  Time since last request: 0.000015 seconds.
  path: Assets/SimpleLowPolyNature/Models/Rock11.fbx
  artifactKey: Guid(eaac711c8733edd43828a7a4976ee8f8) Importer(2089858483,0ecaa5967403d082aa24f35e1b516d23)
Start importing Assets/SimpleLowPolyNature/Models/Rock11.fbx using Guid(eaac711c8733edd43828a7a4976ee8f8) Importer(2089858483,0ecaa5967403d082aa24f35e1b516d23)  -> (artifact id: '4140eb47e2f4ccb08700ab4f8037357a') in 0.019294 seconds 
========================================================================
Received Import Request.
  Time since last request: 0.000066 seconds.
  path: Assets/HQ Acoustic system/Amplifier_specular.tga
  artifactKey: Guid(ecdfdb70b297a864b8a9442c44707170) Importer(2089858483,0ecaa5967403d082aa24f35e1b516d23)
Start importing Assets/HQ Acoustic system/Amplifier_specular.tga using Guid(ecdfdb70b297a864b8a9442c44707170) Importer(2089858483,0ecaa5967403d082aa24f35e1b516d23)  -> (artifact id: 'abc6eb2803b565971a87152c7e1fa7f8') in 0.029804 seconds 
========================================================================
Received Import Request.
  Time since last request: 8.759929 seconds.
  path: Assets/Prop/Lighting Generator/LG1.jpg
  artifactKey: Guid(2d692c9bc4cf91b42934c9307ef71ab7) Importer(815301076,1909f56bfc062723c751e8b465ee728b)
Start importing Assets/Prop/Lighting Generator/LG1.jpg using Guid(2d692c9bc4cf91b42934c9307ef71ab7) Importer(815301076,1909f56bfc062723c751e8b465ee728b)  -> (artifact id: '758c615772e27cebea00ec1dabe6d670') in 0.075841 seconds 
========================================================================
Received Import Request.
  Time since last request: 0.000018 seconds.
  path: Assets/Prop/Lighting Generator/small_preciseLG.jpg
  artifactKey: Guid(d3fa215ff8cf1f945a9f5feda9f0ff96) Importer(815301076,1909f56bfc062723c751e8b465ee728b)
Start importing Assets/Prop/Lighting Generator/small_preciseLG.jpg using Guid(d3fa215ff8cf1f945a9f5feda9f0ff96) Importer(815301076,1909f56bfc062723c751e8b465ee728b)  -> (artifact id: '689f838fff7a690ae3df3e33fccd27e1') in 0.010817 seconds 
========================================================================
Received Import Request.
  Time since last request: 0.000016 seconds.
  path: Assets/Prop/Lighting Generator/icon_preciseLG.jpg
  artifactKey: Guid(83b196ed7553dd7498a18b8b8fdc2d95) Importer(815301076,1909f56bfc062723c751e8b465ee728b)
Start importing Assets/Prop/Lighting Generator/icon_preciseLG.jpg using Guid(83b196ed7553dd7498a18b8b8fdc2d95) Importer(815301076,1909f56bfc062723c751e8b465ee728b)  -> (artifact id: '7a511e1b64cf0a65d2a99322a8ee0343') in 0.009344 seconds 
========================================================================
Received Import Request.
  Time since last request: 0.000018 seconds.
  path: Assets/Prop/Lighting Generator/PRP_LightingGenerator_01_NM.jpg
  artifactKey: Guid(413a0095edeaa4b4c96b05fcecd78199) Importer(815301076,1909f56bfc062723c751e8b465ee728b)
Start importing Assets/Prop/Lighting Generator/PRP_LightingGenerator_01_NM.jpg using Guid(413a0095edeaa4b4c96b05fcecd78199) Importer(815301076,1909f56bfc062723c751e8b465ee728b)  -> (artifact id: '18388f16258e9773a82a29c54228d74b') in 0.036784 seconds 
========================================================================
Received Import Request.
  Time since last request: 0.000016 seconds.
  path: Assets/Prop/Lighting Generator/big_preciseLG.jpg
  artifactKey: Guid(bca570e1efeaac143ba3ae6a97905408) Importer(815301076,1909f56bfc062723c751e8b465ee728b)
Start importing Assets/Prop/Lighting Generator/big_preciseLG.jpg using Guid(bca570e1efeaac143ba3ae6a97905408) Importer(815301076,1909f56bfc062723c751e8b465ee728b)  -> (artifact id: '8b80f93a654b66c8291aae2b73989898') in 0.009447 seconds 
========================================================================
Received Import Request.
  Time since last request: 0.000053 seconds.
  path: Assets/Prop/Lighting Generator/PRP_LightingGenerator_01_DM.jpg
  artifactKey: Guid(a8ba715b2a3fd1e4d9f9da54368c6b0d) Importer(815301076,1909f56bfc062723c751e8b465ee728b)
Start importing Assets/Prop/Lighting Generator/PRP_LightingGenerator_01_DM.jpg using Guid(a8ba715b2a3fd1e4d9f9da54368c6b0d) Importer(815301076,1909f56bfc062723c751e8b465ee728b)  -> (artifact id: '0bafdbf7b08c0de067ae40469d73ea71') in 0.011462 seconds 
========================================================================
Received Import Request.
  Time since last request: 0.000023 seconds.
  path: Assets/Prop/Lighting Generator/Materials/big_preciseLG.mat
  artifactKey: Guid(e4ddf4b9578a12a44a8804f64ea65a5d) Importer(815301076,1909f56bfc062723c751e8b465ee728b)
Start importing Assets/Prop/Lighting Generator/Materials/big_preciseLG.mat using Guid(e4ddf4b9578a12a44a8804f64ea65a5d) Importer(815301076,1909f56bfc062723c751e8b465ee728b)  -> (artifact id: '7d697a0c31316a654ddc066f0620ae1b') in 0.124307 seconds 
========================================================================
Received Prepare
Refreshing native plugins compatible for Editor in 5.54 ms, found 4 plugins.
Preloading 1 native plugins for Editor in 0.06 ms.
Unloading 32 Unused Serialized files (Serialized files now loaded: 0)
Unloading 32 unused Assets / (21.9 KB). Loaded Objects now: 3600.
Memory consumption went from 83.6 MB to 83.6 MB.
Total: 9.885300 ms (FindLiveObjects: 0.236600 ms CreateObjectMapping: 0.127800 ms MarkObjects: 9.495700 ms  DeleteObjects: 0.024000 ms)

AssetImportParameters requested are different than current active one (requested -> active):
  custom:video-decoder-ogg-theora: a1e56fd34408186e4bbccfd4996cb3dc -> 
  custom:container-muxer-webm: aa71ff27fc2769a1b78a27578f13a17b -> 
  custom:container-demuxer-webm: 4f35f7cbe854078d1ac9338744f61a02 -> 
  custom:video-encoder-webm-vp8: eb34c28f22e8b96e1ab97ce403110664 -> 
  custom:video-codec-MediaFoundation-h265: 746d11721c4dcdbdad8f713fa42b33f4 -> 
  custom:audio-encoder-webm-vorbis: bf7c407c2cedff20999df2af8eb42d56 -> 
  custom:framework-win-MediaFoundation: 216162199b28c13a410421893ffa2e32 -> 
  custom:SearchIndexIgnoredProperties: e643bd26f0fe6173181afceb89e7c659 -> 
  custom:container-demuxer-ogg: 62fdf1f143b41e24485cea50d1cbac27 -> 
  custom:video-decoder-webm-vp8: 9c59270c3fd7afecdb556c50c9e8de78 -> 
  custom:audio-decoder-ogg-vorbis: bf7c407c2cedff20999df2af8eb42d56 -> 
========================================================================
Received Import Request.
  Time since last request: 189.553888 seconds.
  path: Assets/InputSystem.inputsettings.asset
  artifactKey: Guid(9248957fb4266304fb440ad59fbf69ce) Importer(815301076,1909f56bfc062723c751e8b465ee728b)
Start importing Assets/InputSystem.inputsettings.asset using Guid(9248957fb4266304fb440ad59fbf69ce) Importer(815301076,1909f56bfc062723c751e8b465ee728b)  -> (artifact id: '69c5f8442448b94f9f487c1d55359ff6') in 0.007803 seconds 
========================================================================
Received Import Request.
  Time since last request: 0.914660 seconds.
  path: Assets/InputSystem.inputsettings.asset
  artifactKey: Guid(9248957fb4266304fb440ad59fbf69ce) Importer(2089858483,0ecaa5967403d082aa24f35e1b516d23)
Start importing Assets/InputSystem.inputsettings.asset using Guid(9248957fb4266304fb440ad59fbf69ce) Importer(2089858483,0ecaa5967403d082aa24f35e1b516d23)  -> (artifact id: '7a96d81fbc8833e3fa70d8538073f89c') in 0.011932 seconds 
========================================================================
Received Import Request.
  Time since last request: 32.782384 seconds.
  path: Assets/InputSystem.inputsettings.asset
  artifactKey: Guid(9248957fb4266304fb440ad59fbf69ce) Importer(2089858483,0ecaa5967403d082aa24f35e1b516d23)
Start importing Assets/InputSystem.inputsettings.asset using Guid(9248957fb4266304fb440ad59fbf69ce) Importer(2089858483,0ecaa5967403d082aa24f35e1b516d23)  -> (artifact id: '0b46cf95e6a86b0f317703173441ec9d') in 0.008070 seconds 
========================================================================
Received Import Request.
  Time since last request: 14.464566 seconds.
  path: Assets/Scenes/test.unity
  artifactKey: Guid(a193f3780e6257949b0077293e78bb8a) Importer(2089858483,0ecaa5967403d082aa24f35e1b516d23)
Start importing Assets/Scenes/test.unity using Guid(a193f3780e6257949b0077293e78bb8a) Importer(2089858483,0ecaa5967403d082aa24f35e1b516d23)  -> (artifact id: '8bd787fb2399478554d73e36439612ac') in 0.004862 seconds 
========================================================================
Received Prepare
Registering precompiled user dll's ...
Registered in 0.006185 seconds.
Begin MonoManager ReloadAssembly
Native extension for WindowsStandalone target not found
Refreshing native plugins compatible for Editor in 15.44 ms, found 4 plugins.
Preloading 1 native plugins for Editor in 0.06 ms.
Mono: successfully reloaded assembly
- Completed reload, in  1.064 seconds
Domain Reload Profiling:
	ReloadAssembly (1065ms)
		BeginReloadAssembly (176ms)
			ExecutionOrderSort (0ms)
			DisableScriptedObjects (7ms)
			BackupInstance (0ms)
			ReleaseScriptingObjects (0ms)
			CreateAndSetChildDomain (69ms)
		EndReloadAssembly (793ms)
			LoadAssemblies (97ms)
			RebuildTransferFunctionScriptingTraits (0ms)
			SetupTypeCache (231ms)
			ReleaseScriptCaches (1ms)
			RebuildScriptCaches (40ms)
			SetupLoadedEditorAssemblies (382ms)
				LogAssemblyErrors (0ms)
				InitializePlatformSupportModulesInManaged (16ms)
				SetLoadedEditorAssemblies (1ms)
				RefreshPlugins (16ms)
				BeforeProcessingInitializeOnLoad (62ms)
				ProcessInitializeOnLoadAttributes (243ms)
				ProcessInitializeOnLoadMethodAttributes (38ms)
				AfterProcessingInitializeOnLoad (6ms)
				EditorAssembliesLoaded (0ms)
			ExecutionOrderSort2 (0ms)
			AwakeInstancesAfterBackupRestoration (10ms)
Platform modules already initialized, skipping
Refreshing native plugins compatible for Editor in 2.88 ms, found 4 plugins.
Preloading 1 native plugins for Editor in 0.05 ms.
Unloading 3076 Unused Serialized files (Serialized files now loaded: 0)
Unloading 32 unused Assets / (24.7 KB). Loaded Objects now: 3602.
Memory consumption went from 143.5 MB to 143.4 MB.
Total: 4.154100 ms (FindLiveObjects: 0.766800 ms CreateObjectMapping: 0.325600 ms MarkObjects: 3.039600 ms  DeleteObjects: 0.020500 ms)

AssetImportParameters requested are different than current active one (requested -> active):
  custom:video-decoder-ogg-theora: a1e56fd34408186e4bbccfd4996cb3dc -> 
  custom:container-muxer-webm: aa71ff27fc2769a1b78a27578f13a17b -> 
  custom:container-demuxer-webm: 4f35f7cbe854078d1ac9338744f61a02 -> 
  custom:video-encoder-webm-vp8: eb34c28f22e8b96e1ab97ce403110664 -> 
  custom:video-codec-MediaFoundation-h265: 746d11721c4dcdbdad8f713fa42b33f4 -> 
  custom:audio-encoder-webm-vorbis: bf7c407c2cedff20999df2af8eb42d56 -> 
  custom:framework-win-MediaFoundation: 216162199b28c13a410421893ffa2e32 -> 
  custom:SearchIndexIgnoredProperties: e643bd26f0fe6173181afceb89e7c659 -> 
  custom:container-demuxer-ogg: 62fdf1f143b41e24485cea50d1cbac27 -> 
  custom:video-decoder-webm-vp8: 9c59270c3fd7afecdb556c50c9e8de78 -> 
  custom:audio-decoder-ogg-vorbis: bf7c407c2cedff20999df2af8eb42d56 -> 
========================================================================
Received Prepare
Registering precompiled user dll's ...
Registered in 0.004725 seconds.
Begin MonoManager ReloadAssembly
Native extension for WindowsStandalone target not found
Refreshing native plugins compatible for Editor in 0.68 ms, found 4 plugins.
Preloading 1 native plugins for Editor in 0.05 ms.
Mono: successfully reloaded assembly
- Completed reload, in  0.929 seconds
Domain Reload Profiling:
	ReloadAssembly (930ms)
		BeginReloadAssembly (131ms)
			ExecutionOrderSort (0ms)
			DisableScriptedObjects (7ms)
			BackupInstance (0ms)
			ReleaseScriptingObjects (0ms)
			CreateAndSetChildDomain (34ms)
		EndReloadAssembly (688ms)
			LoadAssemblies (87ms)
			RebuildTransferFunctionScriptingTraits (0ms)
			SetupTypeCache (206ms)
			ReleaseScriptCaches (1ms)
			RebuildScriptCaches (38ms)
			SetupLoadedEditorAssemblies (320ms)
				LogAssemblyErrors (0ms)
				InitializePlatformSupportModulesInManaged (11ms)
				SetLoadedEditorAssemblies (1ms)
				RefreshPlugins (1ms)
				BeforeProcessingInitializeOnLoad (53ms)
				ProcessInitializeOnLoadAttributes (214ms)
				ProcessInitializeOnLoadMethodAttributes (34ms)
				AfterProcessingInitializeOnLoad (6ms)
				EditorAssembliesLoaded (0ms)
			ExecutionOrderSort2 (0ms)
			AwakeInstancesAfterBackupRestoration (10ms)
Platform modules already initialized, skipping
Refreshing native plugins compatible for Editor in 2.20 ms, found 4 plugins.
Preloading 1 native plugins for Editor in 0.06 ms.
Unloading 3076 Unused Serialized files (Serialized files now loaded: 0)
Unloading 32 unused Assets / (24.7 KB). Loaded Objects now: 3605.
Memory consumption went from 143.5 MB to 143.4 MB.
Total: 2.839700 ms (FindLiveObjects: 0.239100 ms CreateObjectMapping: 0.124000 ms MarkObjects: 2.453800 ms  DeleteObjects: 0.021700 ms)

AssetImportParameters requested are different than current active one (requested -> active):
  custom:video-decoder-ogg-theora: a1e56fd34408186e4bbccfd4996cb3dc -> 
  custom:container-muxer-webm: aa71ff27fc2769a1b78a27578f13a17b -> 
  custom:container-demuxer-webm: 4f35f7cbe854078d1ac9338744f61a02 -> 
  custom:video-encoder-webm-vp8: eb34c28f22e8b96e1ab97ce403110664 -> 
  custom:video-codec-MediaFoundation-h265: 746d11721c4dcdbdad8f713fa42b33f4 -> 
  custom:audio-encoder-webm-vorbis: bf7c407c2cedff20999df2af8eb42d56 -> 
  custom:framework-win-MediaFoundation: 216162199b28c13a410421893ffa2e32 -> 
  custom:SearchIndexIgnoredProperties: e643bd26f0fe6173181afceb89e7c659 -> 
  custom:container-demuxer-ogg: 62fdf1f143b41e24485cea50d1cbac27 -> 
  custom:video-decoder-webm-vp8: 9c59270c3fd7afecdb556c50c9e8de78 -> 
  custom:audio-decoder-ogg-vorbis: bf7c407c2cedff20999df2af8eb42d56 -> 
